[  00000] itiazi croupsusycpset
  0.000]niiaizg grup subsys cpu
[    0.000000] Initializing cgroup subsys cpuacct
[    0.000000] Linux version 4.4.0-45-generic (buildd@lgw01-34) (gcc version 5.4.0 20160609 (Ubuntu 5.4.0-6ubuntu1~16.04.2) ) #66-Ubuntu SMP Wed Oct 19 14:12:37 UTC2016 (untu 4.4.0-45.66-generic 4.4.21)
[    0.000000] Command line: BOOT_IMAGE=/boot/vmlinuz-4.4.0-45-generic root=LABEL=cloudimg-rootf ro console=tty1 console=ttyS0
[    0.000000] KERNEL supported cpus:
[    0.000000]   Intel GenuineIntel
[    0.000000]   AMDAuhentAMD
[    0.000000]   Centaur CentaurHauls
[    0.000000] x86/fpu: xstate_offset[2]:  576, xstate_sizes[2]:  256
[    0.000000] x86/fpu: Supporting XSAVE feature 0x01: 'x87 floating point registers'
[    0.000000] x86/fpu: Supporting XSAVE feature 0x02: 'SSE registers'
[    0.000000] x86/fpu: Supporting XSAVE feature 0x04: 'AVX registers'
[    0.000000] x86/fpu: nabled xstate features 0x7, context size is 832 bytes, using 'standard' format.
[    0.000000] x86/fpu: Using 'lazy' FPU context switches.
[    0.000000] e820: BIOS-provided physical RAM map:
[    0.00000] BI-e0:[mem0x0000000000-000000009ff] sae[    .000 BIO-e0:mem x0000000fc-0000000000ffff] reserved
[    0.000000] BIOS-e820: [mem 0x00000000000f0000-0x00000000000fffff] reserved
[    0.000000] BIOS-e820: [mem 0x0000000000100000-0x00000000dffeffff] usable
[    0.000000] BIOS-e820: [mem 0x000000dfff0000-0x00000000dfffffff] ACPI data
[    0.000000] BIOS-e820: [mem 0x00000000fec00000-0x00000000fec00fff] reserved
[    0.000000] BIOS-e820: [mem 0x00000000fee00000-0x00000000fee00fff] reserved
[    0.000000] BIOS-e820: [mem 0x00000000fffc0000-0x00000000ffffffff] reserved
[    0.000000] BIOS-e820: [mem 0x0000000100000000-0x000000011fffffff] usable
[    0.000000] NX (Execute Disable) protection: active
[    0.000000] SMBIOS 2.5 present.
[    0.000000] Hypervisor detected: KVM
[    0.000000] e820: last_pfn = 0x120000 max_arch_pfn = 0x400000000
[    0.000000] MTRR: Disabled
[    0.000000] x86/PAT: MTRRs disabled, skipping PAT initialization too.
[    0.000000] x86/PAT: Configuration [0-7]: WB  WT  UC- UC  WB  WT  UC- UC  
[    0.000000] CPU MTRRs all blank - virtualized system.
[    0.000000] e820: last_pfn = 0xdfff0 max_arch_pfn = 0x400000000
[    0.000000] found SMP MP-table at [mem 0x0009fff0-0x0009ffff] mapped at [ffff88000009fff0]
[    0.000000] Scanning 1 areas for low memory corruption
[    0.000000] RAMDISK: [mem 0x36fdc000-0x377e5fff]
[    0.000000] ACPI: Early table checksum verification disabled
[    0.000000] ACPI: RSDP 0x00000000000E0000 000024 (v02 VBOX  )
[    0.000000] ACPI: XSDT 0x00000000DFFF0030 00003C (v01 VBOX   VBOXXSDT 00000001 ASL  00000061)
[    0.000000] ACPI: FACP 0x00000000DFFF00F0 0000F4 (v04 VBOX   VBOXFACP 00000001 ASL  00000061)
[    0.000000] ACPI: DSDT 0x00000000DFFF0470 00210F (v01 VBOX   VBOXBI 00000 IL 10058)[    0.000000] ACPI: FACS 0x00000000DFFF0200 000040
[    0.000000] ACPI FACS 0000000FF020 00
[   .000] AC: IC0x00000DF0240005C(v2 VB  BOAPIC000001 ASL  00000061)
[    0.000000] ACPI: SSDT 0x00000000DF02A000CCv01 OX VOXCPT 0002 ITL20058)
  0.0000 NNU conigatn found
[    0.000000] Faking a node at [mem 0x0000000000000000-0x000000011ffffff][   .00000NO_DAT0)llcate[m 011ff70-01ffbff
[   0.000000] kvm-ock: Using msrs 4b564d01 and 4b564d00
[    0.000000] kvm-clock: cpu 0, msr 1:1fff3001, primary c clock
[    0.000000] kvm-clock: using sched offset of 3295387726 cycles
[    0.000000] clocksource: kvm-clock: mask: 0xffffffffffffffff max_cycles: 0x1cd42e4dffb, max_idle_ns: 881590591483 ns
[    0.000000] Zone ranges:
[    0.000000]   DMA      [mem 0x0000000000001000-0x0000000000ffffff]
[    0.000000]   DMA32    [mem 0x0000000001000000-0x00000000ffffffff]
[    0.000000]   Normal   [mem 0x0000000100000000-0x000000011fffffff]
[    0.000000]   Device   empty
[    0.000000] Movable zone start for each node
[    0.000000] Early memory node ranges
[    0.000000]   node   0: [mem 0x0000000000001000-0x000000000009efff]
[    0.000000]   node   0: [mem 0x000000000010000-x0000dfefff
    0.000] node    [m 0x000000000-0000001fff]
[  00000] itm etupno 0 [mem 0x0000000000001000-0x000000011fffffff]
[    0.000000] ACPI: PM-Timer IO Port: 0x4008
[    0.000000] IOAPIC[0]: apic_id 2, version 32, address 0xfec00000, GSI 0-23
[    0.000000] ACPI: INT_SRC_OVR (bus 0 bus_irq 0 global_irq 2 dfl dfl)
[    0.000000] ACPI: INT_SRC_OVR (bus 0 bus_irq 9 global_irq 9 high level)
[    0.000000] Using ACPI (MADT) for SMP configuration information[    0.000000] smpboot: Allowing2 Us, 0 hotplug CPUs
[    0.000000] PM: Registered nosave memory: [mem 0x00000000-0x00000fff]
[    0.0000PM Rgistre nosave memory: [mem 0x0009f00x0009fff
[  0.000] : Restednosa mor: [mm x0a000-000ff]
[  00000] M:egiserd noave emy: [m 00f0000x0ffff][  0.0000] : egistrenove memry[m 0xdff00xdffff][   .0000] PM: Reiser nsavemery[mem0x0000-0ebff]
[  .000000] PM: Registered nosave memory: [mem 0xfec00000-0xfec0fff]
[    0.000000] PM: Registered nosave memory: [mem 0xfec01000-0xfedfffff]
[    0.000000] PM: Registered nosave memory: [mem 0xfee00000-0xfee00fff]
[    0.000000] PM: Registered nosave memory: [mem 0xfee01000-0xfffbffff]
[    0.000000] PM: Registered nosave memory: [mem 0xfffc0000-0xffffffff]
[    0.000000] e820: [mem 0xe0000000-0xfebfffff] available for PCI devices
[    0.000000] Booting paravirtualized kernel on KVM
[    0.000000] clocksource: refined-jiffies: mask: 0xffffffff max_cycles: 0xffffffff, max_idle_ns: 7645519600211568 ns
[    0.000000] setup_percpu: NR_CPUS:256 nr_cpumask_bits:256 nr_cpu_ids:2 nr_node_ids:1
[    0.000000] PERCPU: Embedded 33 pages/cpu @ffff88011fc00000 s98008 r8192 d28968 u1048576
[    0.000000] PV qspinlock hash table entries: 256 (order: 0, 4096 bytes)
[    0.000000] Built 1 zonelists in Node order, mobility grouping on.  Total pages: 1032057
[    0.000000] Policy zone: Normal
[    0.000000] Kernel command line: BOOT_IMAGE=/boot/vmlinuz-4.4.0-45-generic root=LABEL=cloudimg-rootfs ro console=tty1 console=ttyS0
[    0.000000] PID hash table entries: 4096 (order: 3, 32768 bytes)
[    0.000000] Memory: 4034916K/4193848K available (8409K kernel code, 1283K rwdata, 3944K rodata, 1480K init, 1292K bss, 158932K reserved, 0K cma-reserved)
[    0.000000] SLUB: HWalign=64, Order=0-3, MinObjects=0, CPUs=2, Nodes=1
[    0.000000] Hierarchical RCU implementation.
[    0.000000] 	Build-time adjustment of leaf fanout to 64.
[    0.000000] 	RCU restricting CPUs from NR_CPUS=256 to nr_cpu_ids=2.
[    0.000000] RCU: Adjusting geometry for rcu_fanout_leaf=64, nr_cpu_ids=2
[    0.000000] NR_IRQS:16640 nr_irqs:440 16
[    0.000000] Console: colour VGA+ 80x25
[    0.000000] console [tty1] enabled
[    0.000000] console [ttyS0] enabled
[    0.000000] tsc: Detected 3392.160 MHz processor
[    4.511290] Calibrating delay loop (skipped) preset value.. 6784.32 BogoMIPS (lpj=13568640)
[    4.512503] pid_max: default: 32768 minimum: 301
[    4.513161] ACPI: Core revision 20150930
[    4.514470] ACPI: 2 ACPI AML tables successfully acquired and loaded
[    4.515437] Security Framework initialized
[    4.516044] Yama: becoming mindful.
    4.516584] AppArmor: AppArmor initialized
[    4.528006] Dentry che hash table entries: 524288 (order: 10, 4194304 bytes)
[    4.683512] Inode-cache hash table entries: 262144 (order: 9, 2097152 bytes)
[    4.713796] Mount-cache hash table entries: 8192 (order: 4, 65536 bytes)
[    4.714645] Mountpoint-cache hash table entries: 8192 (order: 4, 65536 bytes)
[    4.720618] Initializing cgroup subsys io
[    4.721178] Initializing cgroup subsys memory
[    4.721791] Initializing cgroup subsys devices
[    4.722406] Initializing cgroup subsys freezer
[    4.723061] Initializing cgroup subsys net_cls
[    4.723706] Initializing cgroup subsys perf_event
[    4.724347] Initializing cgroup subsys net_prio
[    4.724973] Initializing cgroup subsys hugetlb
[    4.725587] Initializing cgroup subsys pids
[    4.726266] CPU: Physical Processor ID: 0
[    4.726892] CPU: Processor Core ID: 0
[    4.728223] mce: CPU supports 0 MCE banks
[    4.728817] Last level iTLB entries: 4KB 1024, 2MB 1024, 4MB 1024
[    4.758522] Last level dTLB entries: 4KB 1024, 2MB 1024, 4MB 1024, 1GB 4
[    4.901241] Freeing SMP alternatives memory: 32K (ffffffff820b4000 - ffffffff820bc000)
[    4.914212] ftrace: allocating 32007 entries in 126 pages
[    4.947475] smpboot: Max logical packages: 1
[    4.955327] smpboot: APIC(0) Converting physical 0 to logical package 0
[    4.956405] x2apic enabled
[    4.957030] Switched APIC routing to physical x2apic.
[    4.958596] ..TIMER: vector=0x30 apic1=0 pin1=2 apic2=-1 pin2=-1
[    5.094792] smpboot: CPU0: Intel(R) Core(TM) i7-4770 CPU @ 3.40GHz (family: 0x6, model: 0x3c, stepping: 0x3)
[    5.108120] Performance Events: unsupported p6 CPU model 60 no PMU driver, software events only.
[    5.109417] KVM setup paravirtual spinlock
[    5.111493] x86: Booting SMP configuration:
[    5.112109] .... node  #0, CPUs:      #1
[    5.112765] kvm-clock: cpu 1, msr 1:1fff3041, secondary cpu clock
[    5.114086] mce: CPU supports 0 MCE banks
[    5.116458] x86: Booted up 1 node, 2 CPUs
[    5.117193] smpboot: Total of 2 processors activated (13568.64 BogoMIPS)
[    5.118282] devtmpfs: initialized
[    5.120025] evm: security.selinux
[    5.120554] evm: security.SMACK64
[    5.124586] evm: security.SMACK64EXEC
[    5.125128] evm: security.SMACK64TRANSMUTE
[    5.125704] evm: security.SMACK64MMAP
[    5.126282] evm: security.ima
[    5.126770] evm: security.capability
[    5.127410] clocksource: jiffies: mask: 0xffffffff max_cycles: 0xffffffff, max_idle_ns: 7645041785100000 ns
[    5.128796] pinctrl core: initialized pinctrl subsystem
[    5.129597] RTC time: 12:40:17, date: 11/09/16
[    5.156827] NET: Registered protocol family 16
[    5.167282] cpuidle: using governor ladder
[    5.266757] cpuidle: using governor menu
[    5.336083] PCCT header not found.
[    5.418109] ACPI: bus type PCI registered
[    5.468120] acpiphp: ACPI Hot Plug PCI Controller Driver version: 0.5
[    5.585821] PCI: Using configuration type 1 for base access
[    5.693838] ACPI: Added _OSI(Module Device)
[    5.774123] ACPI: Added _OSI(Processor Device)
[    5.864156] ACPI: Added _OSI(3.0 _SCP Extensions)
[    5.931642] ACPI: Added _OSI(Processor Aggregator Device)
[    6.044777] ACPI: Executed 1 blocks of module-level executable AML code
[    6.193027] ACPI: Interpreter enabled
[    6.273150] ACPI Exception: AE_NOT_FOUND, While evaluating Sleep State [\_S1_] (20150930/hwxface-580)
[    6.274466] ACPI Exception: AE_NOT_FOUND, While evaluating Sleep State [\_S2_] (20150930/hwxface-580)
[    6.275767] ACPI Exception: AE_NOT_FOUND, While evaluating Sleep State [\_S3_] (20150930/hwxface-580)
[    6.279138] ACPI Exception: AE_NOT_FOUND, While evaluating Sleep State [\_S4_] (20150930/hwxface-580)
[    6.284053] ACPI: (supports S0 S5)
[    6.296313] ACPI: Using IOAPIC for interrupt routing
[    6.297186] PCI: Using host bridge windows from ACPI; if necessary, use "pci=nocrs" and report a bug
[    6.301227] ACPI: PCI Root Bridge [PCI0] (domain 0000 [bus 00-ff])
[    6.307712] acpi PNP0A03:00: _OSC: OS supports [ASPM ClockPM Segments SI]
[   6.446395] acpi PNP0A03:00: _OSC failed (AE_NOT_FOUND); disabling ASPM

[    6.474176] acpi PNP0A03:00: fail to add MMCONFIG information, can't access extended PCI configuration space under this bridge.
[    6.476130] PCI host bridge to bus 0000:00
[    6.476808] pci_bus 0000:00: root bus resource [io  0x0000-0x0cf7 window]
[    6.477809] pci_bus 0000:00: root bus resource [io  0x0d00-0xffff window]
[    6.478803] pci_bus 0000:00: root bus resource [mem 0x000a0000-0x000bffff window]
[    6.480028] pci_bus 0000:00: root bus resource [mem 0xe0000000-0xffdfffff window]
[    6.481248] pci_bus 0000:00: root bus resource [bus 00-ff]
[    6.483332] pci 0000:00:01.1: legacy IDE quirk: reg 0x10: [io  0x01f0-0x01f7]
[    6.484368] pci 0000:00:01.1: legacy IDE quirk: reg 0x14: [io  0x03f6]
[    6.485331] pci 0000:00:01.1: legacy IDE quirk: reg 0x18: [io  0x0170-0x0177]
[    6.486384] pci 0000:00:01.1: legacy IDE quirk: reg 0x1c: [io  0x0376]
[    6.536616] pci 0000:00:07.0: quirk: [io  0x4000-0x403f] claimed by PIIX4 ACPI
[    6.543322] pci 0000:00:07.0: quirk: [io  0x4100-0x410f] claimed by PIIX4 SMB
[    6.572366] ACPI: PCI Interrupt Link [LNKA] (IRQs 5 9 10 *11)
[    6.667355] ACPI: PCI Interrupt Link [LNKB] (IRQs 5 9 10 *11)
[    6.764788] ACPI: PCI Interrupt Link [LNKC] (IRQs 5 9 *10 11)
[    6.799957] ACPI: PCI Interrupt Link [LNKD] (IRQs 5 *9 10 11)
[    6.801113] ACPI: Enabled 2 GPEs in block 00 to 07
[    6.802102] vgaarb: setting as boot device: PCI:0000:00:02.0
[    6.923196] vgaarb: device added: PCI:0000:00:02.0,decodes=io+mem,owns=io+mem,locks=none
[    6.967385] vgaarb: loaded
[    6.967831] vgaarb: bridge control possible 0000:00:02.0
[    6.968744] SCSI subsystem initialized
[    6.969453] ACPI: bus type USB regitere
[   7.110505] usbcore: registered new interface driver usbfs
[    7.158011] usbcore: registered new interface driver hub
[    7.158730] usbcore: registered new device driver usb
[    7.166090] PCI: Using ACPI for IRQ routing
[    7.166917] NetLabel: Initializing
[    7.167449] NetLabel:  domain hash size = 128
[    7.168049] NetLabel:  protocols = UNLABELED CIPSOv4
[    7.168713] NetLabel:  unlabeled traffic allowed by default
[    7.169541] amd_nb: Cannot enumerate AMD northbridges
[    7.174141] clocksource: Switched to clocksource kvm-clock
[   7.182059] AppArmor: AppArmor Filesystem Enabled
[    7.202194] pnp: PnP ACPI init
[    7.203280] pnp: PnP ACPI:foun 3dece

[  73582clksrc: acpi_pm: mask: 0xffffff max_cycles: 0xffffff, max_idle_ns: 2085701024 ns
[    7.599721] NET: Registered protocol family 2

[    7.600483] TCP established hash table entries: 32768 (order: 6, 262144 bytes)
[    7.601618] TCP bind hash table entries: 32768 (order: 7, 524288 bte
    6685TC Hh bls nfur (esabsh 368bi 368
[   8.791]DPastae tres: 48orr:, 53bys)
[    8.980940] UDP-Lite hash table entries: 2048 (order: 4, 65536 bytes)
[    8.981844] NET: Registered protocol family 1
[    8.982474] pci 0000:00:00.0: Limiting direct PCI/PCI transfers
[    8.983280] pci 0000:00:01.0: Activating ISA DMA hang workaounds
[    9.004305] Trying to unpack rootfs image as initramfs...

[   10.077365] Freeing initrd memory: 8232K (ffff880036fdc000 - ffff8800377e6000)
[   10.162995] PCI-DMA: Using software bounce buffering for IO (SWIOTLB)
[   10.163804] software IO TLB [mem 0xdbff0000-0xdfff0000] (64MB) mapped at [ffff8800dbff0000-ff00feff
[ 1073932] RAPL PMU detected, API unit is 2^-32 Joules, 4 fixed counters 10737418240 ms ovfl timer
[   10.455612] hw unit of domain pp0-core 2^-0 Joules
[   10.456371] hw unit of domain package 2^-0 Joules
[   10.457113] hw unit of domain dram 2^-0 Joules
[   10.457825] hw unit of domain pp1-gpu 2^-0 Joules
[   10.458649] platform rtc_cmos: registered platform RTC device (no PNP device found)
[   10.459935] Scanning for low memory corruption every 60 seconds

[   10.461491] futex hash table entries: 512 (order: 3, 32768 bytes)
[   10.492754] audit: initializing netlink subsys (disabled)
[   10.493673] audit: type=2000 audit(1478695220.761:1): initialized
[   10.494964] Initialise system trusted keyring
[   10.497121] HugeTLB registered 2 MB page size, pre-allocated 0 pages
[   10.511633] zbud: loaded
[   10.520465] VFS: Disk quotas dquot_6.6.0
[   10.521062] VFS: Dquot-cache hash table entries: 512 (order 0, 4096 bytes)
[   10.527447] squashfs: version 4.0 (2009/01/31) Phillip Lougher
[   10.528414] fuse init (API version 7.23)
[   10.529088] Key type big_key registered
[   10.529666] Allocating IMA MOK and blacklist keyrings.
[   10.531983] Key type asymmetric registered
[   10.533628] Asymmetric key parser 'x509' registered
[   10.534305] Block layer SCSI generic (bsg) driver version 0.4 loaded (major 249)
[   10.540851] io scheduler noop registered
[   10.541420] io scheduler deadline registered (default)
[   10.542125] io scheduler cfq registered
[   10.542770] pci_hotplug: PCI Hot Plug PCI Core version: 0.5
[   10.543493] pciehp: PCI Express Hot Plug Controller Driver version: 0.4
[   10.552649] ACPI: AC Adapter [AC] (on-line)
[   10.553282] input: Power Button as /devices/LNXSYSTM:00/LNXPWRBN:00/input/input0
[   10.554321] ACPI: Power Button [PWRF]
[   10.556440] input: Sleep Button as /devices/LNXSYSTM:00/LNXSLPBN:00/input/input1
[   10.563320] ACPI: Sleep Button [SLPF]
[   10.564030] GHES: HEST is not enabled!
[   10.564654] Serial: 8250/16550 driver, 32 ports, IRQ sharing enabled
[   10.587042] 00:02: ttyS0 at I/O 0x3f8 (irq = 4, base_baud = 115200) is a 16550A
[   10.588918] Linux agpgart interface v0.103
[   10.591329] brd: module loaded
[   10.592617] loop: module loaded
[   10.593528] scsi host0: ata_piix
[   10.594128] scsi host1: ata_piix
[   10.594667] ata1: PATA max UDMA/33 cmd 0x1f0 ctl 0x3f6 bmdma 0xd000 irq 14
[   10.595523] ata2: PATA max UDMA/33 cmd 0x170 ctl 0x376 bmdma 0xd008 irq 15
[   10.596785] libphy: Fixed MDIO Bus: probed
[   10.597369] tun: Universal TUN/TAP device driver, 1.6
[   10.599454] tun: (C) 1999-2004 Max Krasnyansky <maxk@qualcomm.com>
[   10.600254] PPP generic driver version 2.4.2
[   10.600917] ehci_hcd: USB 2.0 'Enhanced' Host Controller (EHCI) Driver
[   10.601723] ehci-pci: EHCI PCI platform driver
[   10.602343] ehci-platform: EHCI generic platform driver
[   10.603074] ohci_hcd: USB 1.1 'Open' Host Controller (OHCI) Driver
[   10.603849] ohci-pci: OHCI PCI platform driver
[   10.604495] ohci-platform: OHCI generic platform driver
[   10.605191] uhci_hcd: USB Universal Host Controller Interface driver
[   10.606062] i8042: PNP: PS/2 Controller [PNP0303:PS2K,PNP0f03:PS2M] at 0x60,0x64 irq 1,12
[   10.607573] serio: i8042 KBD port at 0x60,0x64 irq 1
[   10.608279] serio: i8042 AUX port at 0x60,0x64 irq 12
[   10.670407] mousedev: PS/2 mouse device common for all mice
[   10.697911] input: AT Translated Set 2 keyboard as /devices/platform/i8042/serio0/input/input2
[   10.700794] rtc_cmos rtc_cmos: rtc core: registered rtc_cmos as rtc0
[   10.708164] rtc_cmos rtc_cmos: alarms up to one day, 114 bytes nvram
[   10.710835] i2c /dev entries driver
[   10.711410] device-mapper: uevent: version 1.0.3
[   10.712119] device-mapper: ioctl: 4.34.0-ioctl (2015-10-28) initialised: dm-devel@redhat.com
[   10.720355] ledtrig-cpu: registered to indicate activity on CPUs
[   10.721469] NET: Registered protocol family 10
[   10.722229] NET: Registered protocol family 17
[   10.728907] Key type dns_resolver registered
[   10.762855] microcode: CPU0 sig=0x306c3, pf=0x40, revision=0x0
[   10.812872] microcode: CPU1 sig=0x306c3, pf=0x40, revision=0x0
[   10.871334] microcode: Microcode Update Driver: v2.01 <tigran@aivazian.fsnet.co.uk>, Peter Oruba
[   10.984152] registered taskstats vesion 1
[   11116Loincoil-in X.509 certificates
[   11.423877] Loaded X.509 cert 'Build time autogeneratedkeel key: 5295ae568fdd4deae5e4e5c175542790e6aaeab9'
[   11.485901] tsc: Refined T ccksource calibration: 39337 Mz
[   11.671334] clocksource: tsc: mask: 0xffffffffffffffff max_cycles: 0x30e9db747ae, max_idle_ns: 440795220175 ns
[   11.671450] zswap: loaded using pool lzo/zbud
[   11.703413] Key type trusted registered
[   11.706620] Key type encrypted registered
[   11.707213] AppArmor: AppArmor sha1 policy hashing enabled
[   11.713759] ima: No TPM chip found, activating TPM-bypass!
[   11.733597] evm: HMAC attrs: 0x1
[   11.734452]   Magic number: 8:112:683
[   11.762972] rtc_cmos rtc_cmos: setting system clock to 2016-11-09 12:40:24 UTC (1478695224)
[   11.803604] BIOS EDD facility v0.16 2004-Jun-25, 0 devices found
[   11.804371] EDD information not available.
[   11.808553] Freeing unused kernel memory: 1480K (ffffffff81f42000 - ffffffff820b4000)
[   11.817764] Write protecting the kernel read-only data: 14336k
[   11.852937] Freeing unused kernel memory: 1820K (ffff880001839000 - ffff880001a00000)
[   11.856902] Freeing unused kernel memory: 152K (ffff880001dda000 - ffff880001e00000)
Loading, please wait...
[   11.867501] random: systemd-udevd: uninitialized urandom read (16 bytes read, 3 bits of entropy available)
starting version[   11.871008] random: udevadm: uninitialized urandom read (16 bytes read, 3 bits of entropy available)
 229
[   11.871048] random: udevadm: uninitialized urandom read (16 bytes read, 3 bits of entropy available)
[   11.871136] random: udevadm: uninitialized urandom read (16 bytes read, 3 bits of entropy available)
[   11.871165] random: udevadm: uninitialized urandom read (16 bytes read, 3 bits of entropy available)
[   11.871196] random: udevadm: uninitialized urandom read (16 bytes read, 3 bits of entropy available)
[   11.871245] random: udevadm: uninitialized urandom read (16 bytes read, 3 bits of entropy available)
[   11.871289] random: udevadm: uninitialized urandom read (16 bytes read, 3 bits of entropy available)
[   11.871317] random: udevadm: uninitialized urandom read (16 bytes read, 3 bits of entropy available)
[   11.871345] random: udevadm: uninitialized urandom read (16 bytes read, 3 bits of entropy available)
[   11.960294] e1000: Intel(R) PRO/1000 Network Driver - version 7.3.21-k8-NAPI
[   11.962383] e1000: Copyright (c) 1999-2006 Intel Corporation.
[   11.972469] Fusion MPT base driver 3.04.20
[   11.979131] Copyright (c) 1999-2008 LSI Corporation
[   11.993517] Fusion MPT SPI Host driver 3.04.20
[   11.997788] AVX version of gcm_enc/dec engaged.
[   12.003730] AES CTR mode by8 optimization enabled
[   12.190259] input: ImExPS/2 Generic Explorer Mouse as /devices/platform/i8042/serio1/input/input4
[   12.328779] e1000 0000:00:03.0 eth0: (PCI:33MHz:32-bit) 02:8c:e2:cf:b5:33
[   12.413478] e1000 0000:00:03.0 eth0: Intel(R) PRO/1000 Network Connection
[   12.515230] mptbase: ioc0: Initiating bringup
[   12.579135] ioc0: LSI53C1030 A0: Capabilities={Initiator}
[   12.785744] scsi host2: ioc0: LSI53C1030 A0, FwRev=00000000h, Ports=1, MaxQ=256, IRQ=20
[   12.994934] scsi 2:0:0:0: Direct-Access     VBOX     HARDDISK         1.0  PQ: 0 ANSI: 5
[   13.080635] scsi target2:0:0: Beginning Domain Validation
[   13.082145] scsi target2:0:0: Domain Validation skipping write tests
[   13.083147] scsi target2:0:0: Ending Domain Validation
[   13.084001] scsi target2:0:0: asynchronous
[   13.085072] scsi 2:0:1:0: Direct-Access     VBOX     HARDDISK         1.0  PQ: 0 ANSI: 5
[   13.086400] scsi target2:0:1: Beginning Domain Validation
[   13.087817] scsi target2:0:1: Domain Validation skipping write tests
[   13.088762] scsi target2:0:1: Ending Domain Validation
[   13.089593] scsi target2:0:1: asynchronous
[   13.230324] sd 2:0:0:0: Attached scsi generic sg0 type 0
[   13.232226] sd 2:0:0:0: [sda] 20971520 512-byte logical blocks: (10.7 GB/10.0 GiB)
[   13.233497] sd 2:0:1:0: Attached scsi generic sg1 type 0
[   13.234307] sd 2:0:0:0: [sda] Write Protect is off
[   13.235059] sd 2:0:1:0: [sdb] 20480 512-byte logical blocks: (10.5 MB/10.0 MiB)
[   13.237236] sd 2:0:0:0: [sda] Incomplete mode parameter data
[   13.238002] sd 2:0:0:0: [sda] Assuming drive cache: write through
[   13.239133] sd 2:0:1:0: [sdb] Write Protect is off
[   13.241115] sd 2:0:1:0: [sdb] Incomplete mode parameter data
[   13.242964] sd 2:0:1:0: [sdb] Assuming drive cache: write through
[   13.262822]  sda: sda1
[   13.284601] sd 2:0:1:0: [sdb] Attached SCSI disk
[   13.285338] sd 2:0:0:0: [sda] Attached SCSI disk
[   13.401329] e1000 0000:00:08.0 eth1: (PCI:33MHz:32-bit) 08:00:27:b5:d8:30
[   13.486632] e1000 0000:00:08.0 eth1: Intel(R) PRO/1000 Network Connection
[   13.631498] e1000 0000:00:08.0 enp0s8: renamed from eth1
[   13.682397] e1000 0000:00:03.0 enp0s3: renamed from eth0
[   15.018618] floppy0: no floppy controllers found
Begin: Loading e[   16.397823] md: linear personality registered for level -1
ssential drivers ... [   16.462970] md: multipath personality registered for level -4
[   16.543413] md: raid0 personality registered for level 0
[   16.584831] md: raid1 personality registered for level 1
[   16.774198] raid6: sse2x1   gen() 11437 MB/s
[   16.854209] raid6: sse2x1   xor()  8794 MB/s
[   16.942211] raid6: sse2x2   gen() 14240 MB/s
[   17.030198] raid6: sse2x2   xor()  9708 MB/s
[   17.114796] raid6: sse2x4   gen() 16725 MB/s
[   17.206249] raid6: sse2x4   xor() 11656 MB/s
[   17.293027] raid6: using algorithm sse2x4 gen() 16725 MB/s
[   17.318834] raid6: .... xor() 11656 MB/s, rmw enabled
[   17.319561] raid6: using ssse3x2 recovery algorithm
[   17.321461] xor: automatically using best checksumming function:
[   17.382202]    avx       : 22426.000 MB/sec
[   17.416119] async_tx: api initialized (async)
[   17.429195] md: raid6 personality registered for level 6
[   17.431448] md: raid5 personality registered for level 5
[   17.432148] md: raid4 personality registered for level 4
[   17.437036] md: raid10 personality registered for level 10
done.
Begin: Running /scripts/init-premount ... done.
Begin: Mountin[   17.473531] Btrfs loaded
g root file system ... Begin: Running /scripts/local-top ... done.
Begin: Running /scripts/local-premount ... Scanning for Btrfs filesystems
done.
Warning: fsck not present, so skipping root file system
[   17.578507] EXT4-fs (sda1): mounted filesystem with ordered data mode. Opts: (null)
done.
Begin: Running /scripts/local-bottom ... done.
Begin: Running /scripts/init-bottom ... Warning: overlayroot: debug is busted
done.
[   18.440089] ystemd[1 sstemd 229 running in system mode. (+PAM +AUDIT +SELINUX +IMA +APPARMOR +SMACK +SYSVINIT +UTMP +LIBCRYPTSETUP +GCRYPT +GNUTLS +ACL +XZ -LZ4 +SECCOMP +BLKID +ELFUTILS +KMOD -IDN)
[   18.592859] systemd[1]: Detected virtualization oracle.
[   18.593562] systemd[1]: Detected architecture x86-64.

Welcome to [1mUbuntu 16.04.1 LTS[0m!

[   18.697667] systemd[1]: Set hostname to <ubuntu>.
[   1880019]ysmd]:Iniazig che D from random generator.

[   19.206728] systemd[1]: Installed transient /etc/machine-id file.
[   19.208300] random: nonblocking pool is initialized
[  2.06505]ysmd]:etp toou Aitryxecutable File Formats File System Automount Point.
[[0;32m  OK  [0m] Set up automount Arbitrary Executab...ats File System Automount Point.
[   20.581817] systemd[1]: Listening on Journal Audit Socket.
[[0;32m  OK  [0m] Listening on Journal Audit Socket.
[   20.589554] systemd[1]: Reached target User and Group Name Lookups.
[[0;32m  OK  [0m] Reached target User and Group Name Lookups.
[   20.591470] systemd[1]: Listening on Journal Socket.
[[0;32m  OK  [0m] Listening on Journal Socket.
[   20.593090] systemd[1]: Started Forward Password Requests to Wall Directory Watch.
[[0;32m  OK  [0m] Started Forward Password Requests to Wall Directory Watch.
[   20.595363] systemd[1]: Listening on Syslog Socket.
[[0;32m  OK  [0m] Listening on Syslog Socket.
[   20.596967] systemd[1]: Listening on /dev/initctl Compatibility Named Pipe.
[[0;32m  OK  [0m] Listening on /dev/initctl Compatibility Named Pipe.
[   20.598967] systemd[1]: Listening on Device-mapper event daemon FIFOs.
[[0;32m  OK  [0m] Listening on Device-mapper event daemon FIFOs.
[   20.600830] systemd[1]: Listening on Journal Socket (/dev/log).
[[0;32m  OK  [0m] Listening on Journal Socket (/dev/log).
[   20.602739] systemd[1]: Listening on udev Kernel Socket.
[[0;32m  OK  [0m] Listening on udev Kernel Socket.
[   20.604426] systemd[1]: Reached target Swap.
[[0;32m  OK  [0m] Reached target Swap.
[   20.605909] systemd[1]: Listening on LVM2 poll daemon socket.
[[0;32m  OK  [0m] Listening on LVM2 poll daemon socket.
[   20.612176] systemd[1]: Listening on udev Control Socket.
[[0;32m  OK  [0m] Listening on udev Control Socket.
[   20.618273] systemd[1]: Listening on LVM2 metadata daemon socket.
[[0;32m  OK  [0m] Listening on LVM2 metadata daemon socket.
[   20.620070] systemd[1]: Reached target Encrypted Volumes.
[[0;32m  OK  [0m] Reached target Encrypted Volumes.
[   20.621932] systemd[1]: Created slice User and Session Slice.
[[0;32m  OK  [0m] Created slice User and Session Slice.
[   20.631098] systemd[1]: Created slice System Slice.
[[0;32m  OK  [0m] Created slice System Slice.
[   20.642256] systemd[1]: Starting Remount Root and Kernel File Systems...
         Starting Remount Root and Kernel File Systems...
[   20.663039] systemd[1]: Created slice system-serial\x2dgetty.slice.
[[0;32m  OK  [0m] Created slice[   20.823107] EXT4-fs (sda1): re-mounted. Opts: (null)
 system-serial\x2dgetty.slice.
[   20.946544] systemd[1]: Mounting Huge Pages File System...
         Mounting Huge Pages File System...
[   20.999929] systemd[1]: Mounting POSIX Message Queue File System...
         Mounting POSIX Message Queue File System...
[   21.036369] systemd[1]: Starting Create list of required static device nodes for the current kernel...
         Starting Create list of required st... nodes for the current kernel...
[   21.044688] systemd[1]: Starting Monitoring of LVM2 mirrors, snapshots etc. using dmeventd or progress polling...
         Starting Monitoring of LVM2 mirrors... dmeventd or progress polling...
[   21.048270] systemd[1]: Reached target Slices.
[[0;32m  OK  [0m] Reached target Slices.
[   21.118958] systemd[1]: Starting Load Kernel Modules...
         Starting Load Kernel Modules...
[   21.122454] systemd[1]: Starting Nameserver information manager...
         Starting Nameserver information manager...
[   21.182349] systemd[1]: Starting Journal Service...
         [   21.281072] Loading iSCSI transport class v2.0-870.
Starting Journal Service...
[   21.395960] iscsi: registered transport (tcp)
[   21.398297] systemd[1]: Mounting Debug File System...
         Mounting Debug File System...
[   21.558901] iscsi: registered transport (iser)
[   21.630422] systemd[1]: Starting Set console keymap...
         Starting Set console keymap...
[   21.790565] systemd[1]: Starting Uncomplicated firewall...
         Starting Uncomplicated firewall...
[   21.951127] systemd[1]: Mounted Debug File System.
[[0;32m  OK  [0m] Mounted Debug File System.
[   22.082781] systemd[1]: Mounted POSIX Message Queue File System.
[[0;32m  OK  [0m] Mounted POSIX Message Queue File System.
[   22.093824] systemd[1]: Mounted Huge Pages File System.
[[0;32m  OK  [0m] Mounted Huge Pages File System.
[   22.095415] systemd[1]: Started Journal Service.
[[0;32m  OK  [0m] Started Journal Service.
[[0;32m  OK  [0m] Started Remount Root and Kernel File Systems.
[[0;32m  OK  [0m] Started Create list of required sta...ce nodes for the current kernel.
[[0;32m  OK  [0m] Started Load Kernel Modules.
[[0;32m  OK  [0m] Started Set console keymap.
[[0;32m  OK  [0m] Started Uncomplicated firewall.
[[0;32m  OK  [0m] Started Nameserver information manager.
[[0;32m  OK  [0m] Started LVM2 metadata daemon.
         Mounting FUSE Control File System...
         Starting Apply Kernel Variables...
         Starting Create Static Device Nodes in /dev...
         Starting Load/Save Random Seed...
         Starting udev Coldplug all Devices...
         Starting Flush Journal to Persistent Storage...
[[0;32m  OK  [0m] Mounted FUSE Control File System.
[[0;32m  OK  [0m] Started Monitoring of LVM2 mirrors,...ng dmeventd or progress polling.
[[0;32m  OK  [0m] Started Apply Kernel Variables.
[[0;32m  OK  [0m] Started Create Static Device Nodes in /dev.
[[0;32m  OK  [0m] Started Load/Save Random Seed.
[[0;32m  OK  [0m] Started udev Coldplug all Devices.
         Starting udev Kernel Device Manager...
[[0;32m  OK  [0m] Started Flush Journal to Persistent Storage.
[[0;32m  OK  [0m] Started udev Kernel Device Manager.
[[0;32m  OK  [0m] Reached target Local File Systems (Pre).
[[0;32m  OK  [0m] Reached target Local File Systems.
         Starting Initial cloud-init job (pre-networking)...
         Starting Tell Plymouth To Write Out Runtime Data...
         Starting LSB: AppArmor initialization...
         Starting Commit a transient machine-id on disk...
         Starting Create Volatile Files and Directories...
         Starting Run snappy firstboot setup...
         Starting Set console font and keymap...
[[0;32m  OK  [0m] Started Dispatch Password Requests to Console Directory Watch.
[[0;32m  OK  [0m] Started Tell Plymouth To Write Out Runtime Data.
[[0;32m  OK  [0m] Started Commit a transient machine-id on disk.
[[0;32m  OK  [0m] Started Create Volatile Files and Directories.
[[0;32m  OK  [0m] Found device /dev/ttyS0.
[[0;32m  OK  [0m] Listening on Load/Save RF Kill Switch Status /dev/rfkill Watch.
         Starting Update UTMP about System Boot/Shutdown...
[[0;32m  OK  [0m] Reached target System Time Synchronized.
[[0;32m  OK  [0m] Started Update UTMP about System Boot/Shutdown.
[[0;32m  OK  [0m] Started Set console font and keymap.
[[0;32m  OK  [0m] Created slice system-getty.slice.
[[0;32m  OK  [0m] Started Run snappy firstboot setup.
[[0;32m  OK  [0m] Started LSB: AppArmor initialization.
[[0;32m  OK  [0m] Reached target System Initialization.
[[0;32m  OK  [0m] Listening on D-Bus System Message Bus Socket.
[[0;32m  OK  [0m] Started Timer to automatically refresh installed snaps.
[[0;32m  OK  [0m] Started Daily apt activities.
         Starting LXD - unix socket.
[[0;32m  OK  [0m] Started Daily Cleanup of Temporary Directories.
[[0;32m  OK  [0m] Reached target Timers.
         Starting Socket activation for snappy daemon.
[[0;32m  OK  [0m] Started ACPI Events Check.
[[0;32m  OK  [0m] Listening on ACPID Listen Socket.
[[0;32m  OK  [0m] Started Trigger resolvconf update for networkd DNS.
[[0;32m  OK  [0m] Reached target Paths.
[[0;32m  OK  [0m] Listening on UUID daemon activation socket.
[[0;32m  OK  [0m] Listening on LXD - unix socket.
[[0;32m  OK  [0m] Listening on Socket activation for snappy daemon.
[[0;32m  OK  [0m] Reached target Sockets.
[[0;32m  OK  [0m] Reached target Basic System.
         Starting LSB: Record successful boot for GRUB...
         Starting Accounts Service...
[[0;32m  OK  [0m] Started ACPI event daemon.
         Starting Login Service...
         Starting System Logging Service...
         Starting LSB: MD monitoring daemon...
[[0;32m  OK  [0m] Started D-Bus System Message Bus.
         Starting LXD - container startup/shutdown...
[[0;32m  OK  [0m] Started Deferred execution scheduler.
[[0;32m  OK  [0m] Started Snappy daemon.
[[0;32m  OK  [0m] Started Regular background program processing daemon.
[[0;32m  OK  [0m] Started FUSE filesystem for LXC.
[[0;32m  OK  [0m] Started System Logging Service.
[[0;32m  OK  [0m] Started Login Service.
         Starting Authenticate and Authorize Users to Run Privileged Tasks...
[[0;32m  OK  [0m] Started LSB: Record successful boot for GRUB.
[[0;32m  OK  [0m] Started LSB: MD monitoring daemon.
[[0;32m  OK  [0m] Started Authenticate and Authorize Users to Run Privileged Tasks.
[[0;32m  OK  [0m] Started Accounts Service.
[[0;32m  OK  [0m] Started LXD - container startup/shutdown.
[   26.398309] cloud-init[510]: Cloud-init v. 0.7.8 running 'init-local' at Wed, 09 Nov 2016 12:40:44 +0000. Up 25.34 seconds.
[[0;32m  OK  [0m] Started Initial cloud-init job (pre-networking).
[[0;32m  OK  [0m] Reached target Network (Pre).
         Starting Raise network interfaces...
[[0;32m  OK  [0m] Started Raise network interfaces.
[[0;32m  OK  [0m] Reached target Network.
         Starting Initial cloud-init job (metadata service crawler)...
[   28.807890] cloud-init[1014]: Cloud-init v. 0.7.8 running 'init' at Wed, 09 Nov 2016 12:40:46 +0000. Up 27.31 seconds.
[   28.905466] cloud-init[1014]: ci-info: ++++++++++++++++++++++++++++++++++++++Net device info++++++++++++++++++++++++++++++++++++++
[   28.906408] cloud-init[1014]: ci-info: +--------+-------+----------------------------+---------------+-------+-------------------+
[[0;32m  OK  [0m] Started Initial cloud-init job (metadata service crawler).
[   28.906811] cloud-init[1014]: ci-info: | Device |   Up  |          Address           |      Mask     | Scope |     Hw-Address    |
[[   29.385423] cloud-init[1014]: ci-info: +--------+-------+----------------------------+---------------+-------+-------------------+
[   29.387073] cloud-init[1014]: ci-info: | enp0s3 |  True |         10.0.2.15          | 255.255.255.0 |   .   | 02:8c:e2:cf:b5:33 |
[0;32m  OK  [0m] Reached target Cloud-config availability.
[   29.387501] cloud-init[1014]: ci-info: | enp0s3 |  True | fe80::8c:e2ff:fecf:b533/64 |       .       |  link | 02:8c:e2:cf:b5:33 |
[[   29.753260] cloud-init[1014]: ci-info: | enp0s8 | False |             .              |       .       |   .   | 08:00:27:b5:d8:30 |
[   29.755168] cloud-init[1014]: ci-info: |   lo   |  True |         127.0.0.1          |   255.0.0.0   |   .   |         .         |
[   29.755336] cloud-init[1014]: ci-info: |   lo   |  True |          ::1/128           |       .       |  host |         .         |
[0;32m  OK  [0m] Reached target Network is Online.
[   29.755602] cloud-init[1014]: ci-info: +--------+-------+----------------------------+---------------+-------+-------------------+
[   30.428834] cloud-init[1014]: ci-info: +++++++++++++++++++++++++++Route IPv4 info++++++++++++++++++++++++++++
[   30.429834] cloud-init[1014]: ci-info: +-------+-------------+----------+---------------+-----------+-------+
         Starting /etc/rc.local Compatibility...
[   30.430273] cloud-init[1014]: ci-info: | Route | Destination | Gateway  |    Genmask    | Interface | Flags |
[   30.676238] cloud-init[1014]: ci-info: +-------+-------------+----------+---------------+-----------+-------+
[   30.678073] cloud-init[1014]: ci-info: |   0   |   0.0.0.0   | 10.0.2.2 |    0.0.0.0    |   enp0s3  |   UG  |
[   30.679298] cloud-init[1014]: ci-info: |   1   |   10.0.2.0  | 0.0.0.0  | 255.255.255.0 |   enp0s3  |   U   |
[   30.680517] cloud-init[1014]: ci-info: +-------+-------------+----------+---------------+-----------+-------+
[   30.681713] cloud-init[1014]: Generating public/private rsa key pair.
[   30.724284] cloud-init[1014]: Your identification has been saved in /etc/ssh/ssh_host_rsa_key.
[   30.724469] cloud-init[1014]: Your public key has been saved in /etc/ssh/ssh_host_rsa_key.pub.
         Starting Apply the settings specified in cloud-config...
[   30.724594] cloud-init[1014]: The key fingerprint is:
[   30.972306] cloud-init[1014]: SHA256:QtKXu6ekM9FcjjfmT5DmtJ16HRMaWhpHPxDLjWPW32k root@ubuntu-xenial
[   31.048717] cloud-init[1014]: The key's randomart image is:
[   31.049202] cloud-init[1014]: +---[RSA 2048]----+
         Starting Pollinate to seed the pseudo random number generator...
[   31.049390] cloud-init[1014]: |            ..   |
[   31.252636] cloud-init[1014]: |     .   . .o=   |
[   31.253015] cloud-init[1014]: |    . o o  .Boo  |         
Starting iSCSI initiator daemon (iscsid)...
[   31.253759] cloud-init[1014]: |     o . .o++.+.o|
[   31.428247] cloud-init[1014]: |      .oS+=* o Eo|
[   31.428408] cloud-init[1014]: |      ..+=B+..+  |
[[0;32m  OK  [0m] Started /etc/rc.local Compatibility.
[   31.428489] cloud-init[1014]: |       .o++.+. o |
[   31.499911] cloud-init[1014]: |      oo o.o. .  |
[   31.500705] cloud-init[1014]: |      .o. .o.    |
[   31.501377] cloud-init[1014]: +----[SHA256]-----+
[   31.502041] cloud-init[1014]: Generating public/private dsa key pair.
[   31.502861] cloud-init[1014]: Your identification has been saved in /etc/ssh/ssh_host_dsa_key.
[   31.506358] cloud-init[1014]: Your public key has been saved in /etc/ssh/ssh_host_dsa_key.pub.
[   31.507356] cloud-init[1014]: The key fingerprint is:
[   31.508059] cloud-init[1014]: SHA256:mUMqeBQlYjhGIcVhgMoxnx2Bz9jnoQQdPLRAtRRXRXE root@ubuntu-xenial
[   31.509094] cloud-init[1014]: The key's randomart image is:
[   31.516421] cloud-init[1014]: +---[DSA 1024]----+
[   31.527960] cloud-init[1014]: |=BO+OO=...o+.E   |
[   31.531405] cloud-init[1014]: |=*.+oB+     .    |
[   31.533805] cloud-init[1014]: |+.+ Xoo .        |
[   31.534548] cloud-init[1014]: |.. * * = o       |
[   31.535247] cloud-init[1014]: |  . + = S        |
[   31.560568] cloud-init[1014]: |   . o . .       |
[   31.612465] cloud-init[1014]: |                 |
[   31.661266] cloud-init[1014]: |                 |
[   31.700557] cloud-init[1014]: |                 |
[   31.728584] [cloud-init[0;32m  OK  [0m[1014]: ] +----[SHA256]-----+Started iSCSI initiator daemon (iscsid).

[   31.729194] cloud-init[1014]: Generating public/private ecdsa key pair.
[   31.826923] cloud-init[1014]: Your identification has been saved in /etc/ssh/ssh_host_ecdsa_key.         Starting Login to default iSCSI targets...

[   31.829039] cloud-init[1014]: Your public key has been saved in /etc/ssh/ssh_host_ecdsa_key.pub.
[   31.830581] cloud-init[1014]: The key fingerprint is:
[   31.831728] cloud-init[1014]: SHA256:MXlbuphg+4oDAqwmusFl24xe6jRDUOhmd4DlEbYi+vw root@ubuntu-xenial
[   31.833338] cloud-init[1014]: The key's randomart image is:
[   31.834503] cloud-init[1014]: +---[ECDSA 256]---+
[   31.835562] cloud-init[1014]: |  +*.            |
[   31.836649] cloud-init[1014]: | o+.o    .       |
[   31.837805] cloud-init[1014]: |+o o.   + . .    |
[   31.838892] cloud-init[1014]: |+=o. .   + +     |
[   31.840060] cloud-init[1014]: |* .+. o S o      |
[   31.841324] cloud-init[1014]: |=+= =. o o .     |
[   31.842436] cloud-init[1014]: |=ooB +. o .      |
[   31.843586] cloud-init[1014]: |..o.*. .         |
[   31.844791] cloud-init[1014]: |...+E....        |
[   31.846020] cloud-init[1014]: +----[SHA256]-----+
[   31.847088] cloud-init[1014]: Generating public/private ed25519 key pair.
[   31.848405] cloud-init[1014]: Your identification has been saved in /etc/ssh/ssh_host_ed25519_key.
[   31.884881] cloud-init[1014]: Your public key has been saved in /etc/ssh/ssh_host_ed25519_key.pub.
[   31.886244] cloud-init[1014]: The key fingerprint is:
[   31.887210] cloud-init[1014]: SHA256:FGqbWgJkmM9wD6xw6FRzYvXuQ8Elh/61+YLiGWwbf8c root@ubuntu-xenial
[   31.889830] cloud-init[1014]: The key's randomart image is:
[   31.890813] cloud-init[1014]: +--[ED25519 256]--+
[   31.893018] cloud-init[1014]: | =+=.o .oo       |
[   31.900396] cloud-init[1014]: |*+* + oo+.       |
[   31.904103] cloud-init[1014]: |+B.o  ++.        |
[   31.905030] cloud-init[1014]: |..o....=.  .     |
[   31.905980] cloud-init[1014]: |    . +oS . o    |
[   31.906908] cloud-init[1014]: |     ++  . o     |
[   31.907970] cloud-init[1014]: |    .  B  . o    |
[   31.908911] cloud-init[1014]: |      ..B. o E   |
[   31.909842] cloud-init[1014]: |      .+... o    |
[   31.913514] cloud-init[1014]: +----[SHA256]-----+
[   31.933351] cloud-init[1098]: Generating locales (this might take a while)...
[[0;32m  OK  [0m] Started Login to default iSCSI targets.
[[0;32m  OK  [0m] Reached target Remote File Systems (Pre).
[[0;32m  OK  [0m] Reached target Remote File Systems.
         Starting LSB: automatic crash report generation...
         Starting LSB: Set the CPU Frequency Scaling governor to "ondemand"...
         Starting LSB: daemon to balance interrupts for SMP systems...
         Starting LSB: VirtualBox Linux Additions...
         Starting Permit User Sessions...
[[0;32m  OK  [0m] Started LSB: Set the CPU Frequency Scaling governor to "ondemand".
[[0;32m  OK  [0m] Started Permit User Sessions.
         Starting Terminate Plymouth Boot Screen...
         Starting Hold until boot process finishes up...
[[0;32m  OK  [0m] Started Hold until boot process finishes up.
[[0;32m  OK  [0m] Started LSB: automatic crash report generation.
[[0;32m  OK  [0m] Started Terminate Plymouth Boot Screen.
         Starting Set console scheme...
[[0;32m  OK  [0m] Started Serial Getty on ttyS0.
[[0;32m  OK  [0m] Started Getty on tty1.
[[0;32m  OK  [0m] Reached target Login Prompts.
[[0;32m  OK  [0m] Started Pollinate to seed the pseudo random number generator.
[[   32.765886] cloud-init[1098]:   en_US.UTF-8... done
[0;32m  OK  [0m] Started LSB: daemon to balance interrupts for SMP systems.
[   32.836421] cloud-init[1098]: Generation complete.
[[0;32m  OK  [0m] Started Set console scheme.
         Starting OpenBSD Secure Shell server...
[[0;32m  OK  [0m] Started LSB: VirtualBox Linux Additions.
[[0;32m  OK  [0m] Started OpenBSD Secure Shell server.
[[0;32m  OK  [0m] Reached target Multi-User System.
[[0;32m  OK  [0m] Reached target Graphical Interface.
         Starting Update UTMP about System Runlevel Changes...
         Starting Notify bootloader that boot was successful...
[[0;32m  OK  [0m] Started Notify bootloader that boot was successful.
[[0;32m  OK  [0m] Started Update UTMP about System Runlevel Changes.
         Stopping OpenBSD Secure Shell server...
[[0;32m  OK  [0m] Stopped OpenBSD Secure Shell server.
         Starting OpenBSD Secure Shell server...
[[0;32m  OK  [0m] Started OpenBSD Secure Shell server.
[   35.015527] cloud-init[1098]: Cloud-init v. 0.7.8 running 'modules:config' at Wed, 09 Nov 2016 12:40:50 +0000. Up 30.88 seconds.
[[0;32m  OK  [0m] Started Apply the settings specified in cloud-config.
         Starting Execute cloud user/final scripts...
[[0;32m  OK  [0m] Created slice User Slice of ubuntu.
         Starting User Manager for UID 1000...
[[0;32m  OK  [0m] Started Session 1 of user ubuntu.
[[0;32m  OK  [0m] Started User Manager for UID 1000.
ci-info: no authorized ssh keys fingerprints found for user ubuntu.
<14>Nov  9 12:40:55 ec2: 
<14>Nov  9 12:40:55 ec2: #############################################################
<14>Nov  9 12:40:55 ec2: -----BEGIN SSH HOST KEY FINGERPRINTS-----
<14>Nov  9 12:40:55 ec2: 1024 SHA256:mUMqeBQlYjhGIcVhgMoxnx2Bz9jnoQQdPLRAtRRXRXE root@ubuntu-xenial (DSA)
<14>Nov  9 12:40:55 ec2: 256 SHA256:MXlbuphg+4oDAqwmusFl24xe6jRDUOhmd4DlEbYi+vw root@ubuntu-xenial (ECDSA)
<14>Nov  9 12:40:55 ec2: 256 SHA256:FGqbWgJkmM9wD6xw6FRzYvXuQ8Elh/61+YLiGWwbf8c root@ubuntu-xenial (ED25519)
<14>Nov  9 12:40:55 ec2: 2048 SHA256:QtKXu6ekM9FcjjfmT5DmtJ16HRMaWhpHPxDLjWPW32k root@ubuntu-xenial (RSA)
<14>Nov  9 12:40:55 ec2: -----END SSH HOST KEY FINGERPRINTS-----
<14>Nov  9 12:40:55 ec2: #############################################################
-----BEGIN SSH HOST KEY KEYS-----
ecdsa-sha2-nistp256 AAAAE2VjZHNhLXNoYTItbmlzdHAyNTYAAAAIbmlzdHAyNTYAAABBBBn8B+lhBiwHm+vCIh7XzpO01YIUHtNXccy5WeGFZPaV/diN7yjVDwhnYrWo+NdVR5Hq9MgL8z7RabhiDnwBj+k= root@ubuntu-xenial
ssh-ed25519 AAAAC3NzaC1lZDI1NTE5AAAAIPnhtDhntXt3jpFCe55gF2WA8C6o/ilBFvoSGa+oyxio root@ubuntu-xenial
ssh-rsa AAAAB3NzaC1yc2EAAAADAQABAAABAQDNTELBLkvBfXU38qH1uFn47qqDqtWZqt3S/1kx2eYyBOnP9owLYDCMpt4avRhnqWdaPEeoHbo/v7j4lnThwt98UwqNSywaZHOyVD6CiIp/6tU7uh0XcjZYxtTn3YZ15sM4U0kRa6BhGUZBROtJoF7I9qYjwi7yXF1KyNQjBJ2+zOs9l+qrgYD6lQr6mgbIqnaXgigWTmoqSNyZbPCFNevqPfvmakKPhFiUZ/a+caWLctOaab1/h1vFMPSi06/rdb7QEERhSisrRgDHHVlWKsUYbBxrQX0WBN86EbsoCRxBQLBYYCDoKNmoF2FJtobY9OHv/3gKbEn5y30M4O1jd/SZ root@ubuntu-xenial
-----END SSH HOST KEY KEYS-----
[   36.128044] cloud-init[1309]: Cloud-init v. 0.7.8 running 'modules:final' at Wed, 09 Nov 2016 12:40:54 +0000. Up 35.46 seconds.
[   36.132184] cloud-init[1309]: ci-info: no authorized ssh keys fingerprints found for user ubuntu.
[   36.133497] cloud-init[1309]: Cloud-init v. 0.7.8 finished at Wed, 09 Nov 2016 12:40:55 +0000. Datasource DataSourceNoCloud [seed=/dev/sdb][dsmode=net].  Up 36.12 seconds
[[0;32m  OK  [0m] Started Execute cloud user/final scripts.
[[0;32m  OK  [0m] Reached target Cloud-init target.

Ubuntu 16.04.1 LTS ubuntu-xenial ttyS0

ubuntu-xenial login: 